<?xml version="1.0" encoding="UTF-8"?>
<testng-results ignored="0" total="2" passed="2" failed="0" skipped="0">
  <reporter-output>
  </reporter-output>
  <suite started-at="2023-10-01T00:01:20 CEST" name="Default suite" finished-at="2023-10-01T00:01:28 CEST" duration-ms="8288">
    <groups>
    </groups>
    <test started-at="2023-10-01T00:01:20 CEST" name="Default test" finished-at="2023-10-01T00:01:28 CEST" duration-ms="8288">
      <class name="TestComponents.SubmitOrderTest">
        <test-method is-config="true" signature="lunchApplication()[pri:0, instance:TestComponents.SubmitOrderTest@6e6f2380]" started-at="2023-10-01T00:01:20 CEST" name="lunchApplication" finished-at="2023-10-01T00:01:23 CEST" duration-ms="3230" status="PASS">
          <reporter-output>
          </reporter-output>
        </test-method> <!-- lunchApplication -->
        <test-method signature="submitOrder(java.util.HashMap)[pri:0, instance:TestComponents.SubmitOrderTest@6e6f2380]" started-at="2023-10-01T00:01:23 CEST" name="submitOrder" data-provider="getData" finished-at="2023-10-01T00:01:25 CEST" duration-ms="1377" status="PASS">
          <params>
            <param index="0">
              <value>
                <![CDATA[{password=secret_sauce, productName=Sauce Labs Onesie, username=standard_user}]]>
              </value>
            </param>
          </params>
          <reporter-output>
          </reporter-output>
        </test-method> <!-- submitOrder -->
        <test-method is-config="true" signature="tearDown()[pri:0, instance:TestComponents.SubmitOrderTest@6e6f2380]" started-at="2023-10-01T00:01:25 CEST" name="tearDown" finished-at="2023-10-01T00:01:25 CEST" duration-ms="261" status="PASS">
          <reporter-output>
          </reporter-output>
        </test-method> <!-- tearDown -->
        <test-method is-config="true" signature="lunchApplication()[pri:0, instance:TestComponents.SubmitOrderTest@6e6f2380]" started-at="2023-10-01T00:01:25 CEST" name="lunchApplication" finished-at="2023-10-01T00:01:27 CEST" duration-ms="1918" status="PASS">
          <reporter-output>
          </reporter-output>
        </test-method> <!-- lunchApplication -->
        <test-method signature="submitOrder(java.util.HashMap)[pri:0, instance:TestComponents.SubmitOrderTest@6e6f2380]" started-at="2023-10-01T00:01:27 CEST" name="submitOrder" data-provider="getData" finished-at="2023-10-01T00:01:28 CEST" duration-ms="1089" status="PASS">
          <params>
            <param index="0">
              <value>
                <![CDATA[{password=secret_sauce, productName=Sauce Labs Bolt T-Shirt, username=standard_user}]]>
              </value>
            </param>
          </params>
          <reporter-output>
          </reporter-output>
        </test-method> <!-- submitOrder -->
        <test-method is-config="true" signature="tearDown()[pri:0, instance:TestComponents.SubmitOrderTest@6e6f2380]" started-at="2023-10-01T00:01:28 CEST" name="tearDown" finished-at="2023-10-01T00:01:28 CEST" duration-ms="188" status="PASS">
          <reporter-output>
          </reporter-output>
        </test-method> <!-- tearDown -->
      </class> <!-- TestComponents.SubmitOrderTest -->
    </test> <!-- Default test -->
  </suite> <!-- Default suite -->
</testng-results>
